The system is: Linux - 3.14.3-2-ARCH - x86_64
Compiling the C compiler identification source file "CMakeCCompilerId.c" succeeded.
Compiler: /usr/bin/cc 
Build flags: 
Id flags: 

The output was:
0


Compilation of the C compiler identification source "CMakeCCompilerId.c" produced "a.out"

The C compiler identification is GNU, found in "/home/armando/new_data2014/sh/armando/bash/gnu_linux/bash_scripts/packages/git/CMakeFiles/3.0.0/CompilerIdC/a.out"

Compiling the CXX compiler identification source file "CMakeCXXCompilerId.cpp" succeeded.
Compiler: /usr/bin/c++ 
Build flags: 
Id flags: 

The output was:
0


Compilation of the CXX compiler identification source "CMakeCXXCompilerId.cpp" produced "a.out"

The CXX compiler identification is GNU, found in "/home/armando/new_data2014/sh/armando/bash/gnu_linux/bash_scripts/packages/git/CMakeFiles/3.0.0/CompilerIdCXX/a.out"

Determining if the C compiler works passed with the following output:
Change Dir: /home/armando/new_data2014/sh/armando/bash/gnu_linux/bash_scripts/packages/git/CMakeFiles/CMakeTmp

Run Build Command:"/usr/bin/make" "cmTryCompileExec3976543279/fast"
/usr/bin/make -f CMakeFiles/cmTryCompileExec3976543279.dir/build.make CMakeFiles/cmTryCompileExec3976543279.dir/build
make[1]: Entering directory '/home/armando/new_data2014/sh/armando/bash/gnu_linux/bash_scripts/packages/git/CMakeFiles/CMakeTmp'
/usr/bin/cmake -E cmake_progress_report /home/armando/new_data2014/sh/armando/bash/gnu_linux/bash_scripts/packages/git/CMakeFiles/CMakeTmp/CMakeFiles 1
Building C object CMakeFiles/cmTryCompileExec3976543279.dir/testCCompiler.c.o
/usr/bin/cc    -o CMakeFiles/cmTryCompileExec3976543279.dir/testCCompiler.c.o   -c /home/armando/new_data2014/sh/armando/bash/gnu_linux/bash_scripts/packages/git/CMakeFiles/CMakeTmp/testCCompiler.c
Linking C executable cmTryCompileExec3976543279
/usr/bin/cmake -E cmake_link_script CMakeFiles/cmTryCompileExec3976543279.dir/link.txt --verbose=1
/usr/bin/cc       CMakeFiles/cmTryCompileExec3976543279.dir/testCCompiler.c.o  -o cmTryCompileExec3976543279 -rdynamic 
make[1]: Leaving directory '/home/armando/new_data2014/sh/armando/bash/gnu_linux/bash_scripts/packages/git/CMakeFiles/CMakeTmp'


Detecting C compiler ABI info compiled with the following output:
Change Dir: /home/armando/new_data2014/sh/armando/bash/gnu_linux/bash_scripts/packages/git/CMakeFiles/CMakeTmp

Run Build Command:"/usr/bin/make" "cmTryCompileExec1206867173/fast"
/usr/bin/make -f CMakeFiles/cmTryCompileExec1206867173.dir/build.make CMakeFiles/cmTryCompileExec1206867173.dir/build
make[1]: Entering directory '/home/armando/new_data2014/sh/armando/bash/gnu_linux/bash_scripts/packages/git/CMakeFiles/CMakeTmp'
/usr/bin/cmake -E cmake_progress_report /home/armando/new_data2014/sh/armando/bash/gnu_linux/bash_scripts/packages/git/CMakeFiles/CMakeTmp/CMakeFiles 1
Building C object CMakeFiles/cmTryCompileExec1206867173.dir/CMakeCCompilerABI.c.o
/usr/bin/cc    -o CMakeFiles/cmTryCompileExec1206867173.dir/CMakeCCompilerABI.c.o   -c /usr/share/cmake-3.0/Modules/CMakeCCompilerABI.c
Linking C executable cmTryCompileExec1206867173
/usr/bin/cmake -E cmake_link_script CMakeFiles/cmTryCompileExec1206867173.dir/link.txt --verbose=1
/usr/bin/cc     -v CMakeFiles/cmTryCompileExec1206867173.dir/CMakeCCompilerABI.c.o  -o cmTryCompileExec1206867173 -rdynamic  
Usando especificaciones internas.
COLLECT_GCC=/usr/bin/cc
COLLECT_LTO_WRAPPER=/usr/lib/gcc/x86_64-unknown-linux-gnu/4.9.0/lto-wrapper
Objetivo: x86_64-unknown-linux-gnu
Configurado con: /build/gcc/src/gcc-4.9-20140604/configure --prefix=/usr --libdir=/usr/lib --libexecdir=/usr/lib --mandir=/usr/share/man --infodir=/usr/share/info --with-bugurl=https://bugs.archlinux.org/ --enable-languages=c,c++,ada,fortran,go,lto,objc,obj-c++ --enable-shared --enable-threads=posix --with-system-zlib --enable-__cxa_atexit --disable-libunwind-exceptions --enable-clocale=gnu --disable-libstdcxx-pch --disable-libssp --enable-gnu-unique-object --enable-linker-build-id --enable-cloog-backend=isl --disable-cloog-version-check --enable-lto --enable-plugin --enable-install-libiberty --with-linker-hash-style=gnu --disable-multilib --disable-werror --enable-checking=release
Modelo de hilos: posix
gcc versi贸n 4.9.0 20140604 (prerelease) (GCC) 
COMPILER_PATH=/usr/lib/gcc/x86_64-unknown-linux-gnu/4.9.0/:/usr/lib/gcc/x86_64-unknown-linux-gnu/4.9.0/:/usr/lib/gcc/x86_64-unknown-linux-gnu/:/usr/lib/gcc/x86_64-unknown-linux-gnu/4.9.0/:/usr/lib/gcc/x86_64-unknown-linux-gnu/
LIBRARY_PATH=/usr/lib/gcc/x86_64-unknown-linux-gnu/4.9.0/:/usr/lib/gcc/x86_64-unknown-linux-gnu/4.9.0/../../../../lib/:/lib/../lib/:/usr/lib/../lib/:/usr/lib/gcc/x86_64-unknown-linux-gnu/4.9.0/../../../:/lib/:/usr/lib/
COLLECT_GCC_OPTIONS='-v' '-o' 'cmTryCompileExec1206867173' '-rdynamic' '-mtune=generic' '-march=x86-64'
 /usr/lib/gcc/x86_64-unknown-linux-gnu/4.9.0/collect2 -plugin /usr/lib/gcc/x86_64-unknown-linux-gnu/4.9.0/liblto_plugin.so -plugin-opt=/usr/lib/gcc/x86_64-unknown-linux-gnu/4.9.0/lto-wrapper -plugin-opt=-fresolution=/tmp/cc3yJrVC.res -plugin-opt=-pass-through=-lgcc -plugin-opt=-pass-through=-lgcc_s -plugin-opt=-pass-through=-lc -plugin-opt=-pass-through=-lgcc -plugin-opt=-pass-through=-lgcc_s --build-id --eh-frame-hdr --hash-style=gnu -m elf_x86_64 -export-dynamic -dynamic-linker /lib64/ld-linux-x86-64.so.2 -o cmTryCompileExec1206867173 /usr/lib/gcc/x86_64-unknown-linux-gnu/4.9.0/../../../../lib/crt1.o /usr/lib/gcc/x86_64-unknown-linux-gnu/4.9.0/../../../../lib/crti.o /usr/lib/gcc/x86_64-unknown-linux-gnu/4.9.0/crtbegin.o -L/usr/lib/gcc/x86_64-unknown-linux-gnu/4.9.0 -L/usr/lib/gcc/x86_64-unknown-linux-gnu/4.9.0/../../../../lib -L/lib/../lib -L/usr/lib/../lib -L/usr/lib/gcc/x86_64-unknown-linux-gnu/4.9.0/../../.. CMakeFiles/cmTryCompileExec1206867173.dir/CMakeCCompilerABI.c.o -lgcc --as-needed -lgcc_s --no-as-needed -lc -lgcc --as-needed -lgcc_s --no-as-needed /usr/lib/gcc/x86_64-unknown-linux-gnu/4.9.0/crtend.o /usr/lib/gcc/x86_64-unknown-linux-gnu/4.9.0/../../../../lib/crtn.o
make[1]: Leaving directory '/home/armando/new_data2014/sh/armando/bash/gnu_linux/bash_scripts/packages/git/CMakeFiles/CMakeTmp'


Parsed C implicit link information from above output:
  link line regex: [^( *|.*[/\])(ld|([^/\]+-)?ld|collect2)[^/\]*( |$)]
  ignore line: [Change Dir: /home/armando/new_data2014/sh/armando/bash/gnu_linux/bash_scripts/packages/git/CMakeFiles/CMakeTmp]
  ignore line: []
  ignore line: [Run Build Command:"/usr/bin/make" "cmTryCompileExec1206867173/fast"]
  ignore line: [/usr/bin/make -f CMakeFiles/cmTryCompileExec1206867173.dir/build.make CMakeFiles/cmTryCompileExec1206867173.dir/build]
  ignore line: [make[1]: Entering directory '/home/armando/new_data2014/sh/armando/bash/gnu_linux/bash_scripts/packages/git/CMakeFiles/CMakeTmp']
  ignore line: [/usr/bin/cmake -E cmake_progress_report /home/armando/new_data2014/sh/armando/bash/gnu_linux/bash_scripts/packages/git/CMakeFiles/CMakeTmp/CMakeFiles 1]
  ignore line: [Building C object CMakeFiles/cmTryCompileExec1206867173.dir/CMakeCCompilerABI.c.o]
  ignore line: [/usr/bin/cc    -o CMakeFiles/cmTryCompileExec1206867173.dir/CMakeCCompilerABI.c.o   -c /usr/share/cmake-3.0/Modules/CMakeCCompilerABI.c]
  ignore line: [Linking C executable cmTryCompileExec1206867173]
  ignore line: [/usr/bin/cmake -E cmake_link_script CMakeFiles/cmTryCompileExec1206867173.dir/link.txt --verbose=1]
  ignore line: [/usr/bin/cc     -v CMakeFiles/cmTryCompileExec1206867173.dir/CMakeCCompilerABI.c.o  -o cmTryCompileExec1206867173 -rdynamic  ]
  ignore line: [Usando especificaciones internas.]
  ignore line: [COLLECT_GCC=/usr/bin/cc]
  ignore line: [COLLECT_LTO_WRAPPER=/usr/lib/gcc/x86_64-unknown-linux-gnu/4.9.0/lto-wrapper]
  ignore line: [Objetivo: x86_64-unknown-linux-gnu]
  ignore line: [Configurado con: /build/gcc/src/gcc-4.9-20140604/configure --prefix=/usr --libdir=/usr/lib --libexecdir=/usr/lib --mandir=/usr/share/man --infodir=/usr/share/info --with-bugurl=https://bugs.archlinux.org/ --enable-languages=c,c++,ada,fortran,go,lto,objc,obj-c++ --enable-shared --enable-threads=posix --with-system-zlib --enable-__cxa_atexit --disable-libunwind-exceptions --enable-clocale=gnu --disable-libstdcxx-pch --disable-libssp --enable-gnu-unique-object --enable-linker-build-id --enable-cloog-backend=isl --disable-cloog-version-check --enable-lto --enable-plugin --enable-install-libiberty --with-linker-hash-style=gnu --disable-multilib --disable-werror --enable-checking=release]
  ignore line: [Modelo de hilos: posix]
  ignore line: [gcc versi贸n 4.9.0 20140604 (prerelease) (GCC) ]
  ignore line: [COMPILER_PATH=/usr/lib/gcc/x86_64-unknown-linux-gnu/4.9.0/:/usr/lib/gcc/x86_64-unknown-linux-gnu/4.9.0/:/usr/lib/gcc/x86_64-unknown-linux-gnu/:/usr/lib/gcc/x86_64-unknown-linux-gnu/4.9.0/:/usr/lib/gcc/x86_64-unknown-linux-gnu/]
  ignore line: [LIBRARY_PATH=/usr/lib/gcc/x86_64-unknown-linux-gnu/4.9.0/:/usr/lib/gcc/x86_64-unknown-linux-gnu/4.9.0/../../../../lib/:/lib/../lib/:/usr/lib/../lib/:/usr/lib/gcc/x86_64-unknown-linux-gnu/4.9.0/../../../:/lib/:/usr/lib/]
  ignore line: [COLLECT_GCC_OPTIONS='-v' '-o' 'cmTryCompileExec1206867173' '-rdynamic' '-mtune=generic' '-march=x86-64']
  link line: [ /usr/lib/gcc/x86_64-unknown-linux-gnu/4.9.0/collect2 -plugin /usr/lib/gcc/x86_64-unknown-linux-gnu/4.9.0/liblto_plugin.so -plugin-opt=/usr/lib/gcc/x86_64-unknown-linux-gnu/4.9.0/lto-wrapper -plugin-opt=-fresolution=/tmp/cc3yJrVC.res -plugin-opt=-pass-through=-lgcc -plugin-opt=-pass-through=-lgcc_s -plugin-opt=-pass-through=-lc -plugin-opt=-pass-through=-lgcc -plugin-opt=-pass-through=-lgcc_s --build-id --eh-frame-hdr --hash-style=gnu -m elf_x86_64 -export-dynamic -dynamic-linker /lib64/ld-linux-x86-64.so.2 -o cmTryCompileExec1206867173 /usr/lib/gcc/x86_64-unknown-linux-gnu/4.9.0/../../../../lib/crt1.o /usr/lib/gcc/x86_64-unknown-linux-gnu/4.9.0/../../../../lib/crti.o /usr/lib/gcc/x86_64-unknown-linux-gnu/4.9.0/crtbegin.o -L/usr/lib/gcc/x86_64-unknown-linux-gnu/4.9.0 -L/usr/lib/gcc/x86_64-unknown-linux-gnu/4.9.0/../../../../lib -L/lib/../lib -L/usr/lib/../lib -L/usr/lib/gcc/x86_64-unknown-linux-gnu/4.9.0/../../.. CMakeFiles/cmTryCompileExec1206867173.dir/CMakeCCompilerABI.c.o -lgcc --as-needed -lgcc_s --no-as-needed -lc -lgcc --as-needed -lgcc_s --no-as-needed /usr/lib/gcc/x86_64-unknown-linux-gnu/4.9.0/crtend.o /usr/lib/gcc/x86_64-unknown-linux-gnu/4.9.0/../../../../lib/crtn.o]
    arg [/usr/lib/gcc/x86_64-unknown-linux-gnu/4.9.0/collect2] ==> ignore
    arg [-plugin] ==> ignore
    arg [/usr/lib/gcc/x86_64-unknown-linux-gnu/4.9.0/liblto_plugin.so] ==> ignore
    arg [-plugin-opt=/usr/lib/gcc/x86_64-unknown-linux-gnu/4.9.0/lto-wrapper] ==> ignore
    arg [-plugin-opt=-fresolution=/tmp/cc3yJrVC.res] ==> ignore
    arg [-plugin-opt=-pass-through=-lgcc] ==> ignore
    arg [-plugin-opt=-pass-through=-lgcc_s] ==> ignore
    arg [-plugin-opt=-pass-through=-lc] ==> ignore
    arg [-plugin-opt=-pass-through=-lgcc] ==> ignore
    arg [-plugin-opt=-pass-through=-lgcc_s] ==> ignore
    arg [--build-id] ==> ignore
    arg [--eh-frame-hdr] ==> ignore
    arg [--hash-style=gnu] ==> ignore
    arg [-m] ==> ignore
    arg [elf_x86_64] ==> ignore
    arg [-export-dynamic] ==> ignore
    arg [-dynamic-linker] ==> ignore
    arg [/lib64/ld-linux-x86-64.so.2] ==> ignore
    arg [-o] ==> ignore
    arg [cmTryCompileExec1206867173] ==> ignore
    arg [/usr/lib/gcc/x86_64-unknown-linux-gnu/4.9.0/../../../../lib/crt1.o] ==> ignore
    arg [/usr/lib/gcc/x86_64-unknown-linux-gnu/4.9.0/../../../../lib/crti.o] ==> ignore
    arg [/usr/lib/gcc/x86_64-unknown-linux-gnu/4.9.0/crtbegin.o] ==> ignore
    arg [-L/usr/lib/gcc/x86_64-unknown-linux-gnu/4.9.0] ==> dir [/usr/lib/gcc/x86_64-unknown-linux-gnu/4.9.0]
    arg [-L/usr/lib/gcc/x86_64-unknown-linux-gnu/4.9.0/../../../../lib] ==> dir [/usr/lib/gcc/x86_64-unknown-linux-gnu/4.9.0/../../../../lib]
    arg [-L/lib/../lib] ==> dir [/lib/../lib]
    arg [-L/usr/lib/../lib] ==> dir [/usr/lib/../lib]
    arg [-L/usr/lib/gcc/x86_64-unknown-linux-gnu/4.9.0/../../..] ==> dir [/usr/lib/gcc/x86_64-unknown-linux-gnu/4.9.0/../../..]
    arg [CMakeFiles/cmTryCompileExec1206867173.dir/CMakeCCompilerABI.c.o] ==> ignore
    arg [-lgcc] ==> lib [gcc]
    arg [--as-needed] ==> ignore
    arg [-lgcc_s] ==> lib [gcc_s]
    arg [--no-as-needed] ==> ignore
    arg [-lc] ==> lib [c]
    arg [-lgcc] ==> lib [gcc]
    arg [--as-needed] ==> ignore
    arg [-lgcc_s] ==> lib [gcc_s]
    arg [--no-as-needed] ==> ignore
    arg [/usr/lib/gcc/x86_64-unknown-linux-gnu/4.9.0/crtend.o] ==> ignore
    arg [/usr/lib/gcc/x86_64-unknown-linux-gnu/4.9.0/../../../../lib/crtn.o] ==> ignore
  remove lib [gcc]
  remove lib [gcc_s]
  remove lib [gcc]
  remove lib [gcc_s]
  collapse library dir [/usr/lib/gcc/x86_64-unknown-linux-gnu/4.9.0] ==> [/usr/lib/gcc/x86_64-unknown-linux-gnu/4.9.0]
  collapse library dir [/usr/lib/gcc/x86_64-unknown-linux-gnu/4.9.0/../../../../lib] ==> [/usr/lib]
  collapse library dir [/lib/../lib] ==> [/lib]
  collapse library dir [/usr/lib/../lib] ==> [/usr/lib]
  collapse library dir [/usr/lib/gcc/x86_64-unknown-linux-gnu/4.9.0/../../..] ==> [/usr/lib]
  implicit libs: [c]
  implicit dirs: [/usr/lib/gcc/x86_64-unknown-linux-gnu/4.9.0;/usr/lib;/lib]
  implicit fwks: []


Determining if the CXX compiler works passed with the following output:
Change Dir: /home/armando/new_data2014/sh/armando/bash/gnu_linux/bash_scripts/packages/git/CMakeFiles/CMakeTmp

Run Build Command:"/usr/bin/make" "cmTryCompileExec136075649/fast"
/usr/bin/make -f CMakeFiles/cmTryCompileExec136075649.dir/build.make CMakeFiles/cmTryCompileExec136075649.dir/build
make[1]: Entering directory '/home/armando/new_data2014/sh/armando/bash/gnu_linux/bash_scripts/packages/git/CMakeFiles/CMakeTmp'
/usr/bin/cmake -E cmake_progress_report /home/armando/new_data2014/sh/armando/bash/gnu_linux/bash_scripts/packages/git/CMakeFiles/CMakeTmp/CMakeFiles 1
Building CXX object CMakeFiles/cmTryCompileExec136075649.dir/testCXXCompiler.cxx.o
/usr/bin/c++     -o CMakeFiles/cmTryCompileExec136075649.dir/testCXXCompiler.cxx.o -c /home/armando/new_data2014/sh/armando/bash/gnu_linux/bash_scripts/packages/git/CMakeFiles/CMakeTmp/testCXXCompiler.cxx
Linking CXX executable cmTryCompileExec136075649
/usr/bin/cmake -E cmake_link_script CMakeFiles/cmTryCompileExec136075649.dir/link.txt --verbose=1
/usr/bin/c++        CMakeFiles/cmTryCompileExec136075649.dir/testCXXCompiler.cxx.o  -o cmTryCompileExec136075649 -rdynamic 
make[1]: Leaving directory '/home/armando/new_data2014/sh/armando/bash/gnu_linux/bash_scripts/packages/git/CMakeFiles/CMakeTmp'


Detecting CXX compiler ABI info compiled with the following output:
Change Dir: /home/armando/new_data2014/sh/armando/bash/gnu_linux/bash_scripts/packages/git/CMakeFiles/CMakeTmp

Run Build Command:"/usr/bin/make" "cmTryCompileExec1317728068/fast"
/usr/bin/make -f CMakeFiles/cmTryCompileExec1317728068.dir/build.make CMakeFiles/cmTryCompileExec1317728068.dir/build
make[1]: Entering directory '/home/armando/new_data2014/sh/armando/bash/gnu_linux/bash_scripts/packages/git/CMakeFiles/CMakeTmp'
/usr/bin/cmake -E cmake_progress_report /home/armando/new_data2014/sh/armando/bash/gnu_linux/bash_scripts/packages/git/CMakeFiles/CMakeTmp/CMakeFiles 1
Building CXX object CMakeFiles/cmTryCompileExec1317728068.dir/CMakeCXXCompilerABI.cpp.o
/usr/bin/c++     -o CMakeFiles/cmTryCompileExec1317728068.dir/CMakeCXXCompilerABI.cpp.o -c /usr/share/cmake-3.0/Modules/CMakeCXXCompilerABI.cpp
Linking CXX executable cmTryCompileExec1317728068
/usr/bin/cmake -E cmake_link_script CMakeFiles/cmTryCompileExec1317728068.dir/link.txt --verbose=1
/usr/bin/c++      -v CMakeFiles/cmTryCompileExec1317728068.dir/CMakeCXXCompilerABI.cpp.o  -o cmTryCompileExec1317728068 -rdynamic  
Usando especificaciones internas.
COLLECT_GCC=/usr/bin/c++
COLLECT_LTO_WRAPPER=/usr/lib/gcc/x86_64-unknown-linux-gnu/4.9.0/lto-wrapper
Objetivo: x86_64-unknown-linux-gnu
Configurado con: /build/gcc/src/gcc-4.9-20140604/configure --prefix=/usr --libdir=/usr/lib --libexecdir=/usr/lib --mandir=/usr/share/man --infodir=/usr/share/info --with-bugurl=https://bugs.archlinux.org/ --enable-languages=c,c++,ada,fortran,go,lto,objc,obj-c++ --enable-shared --enable-threads=posix --with-system-zlib --enable-__cxa_atexit --disable-libunwind-exceptions --enable-clocale=gnu --disable-libstdcxx-pch --disable-libssp --enable-gnu-unique-object --enable-linker-build-id --enable-cloog-backend=isl --disable-cloog-version-check --enable-lto --enable-plugin --enable-install-libiberty --with-linker-hash-style=gnu --disable-multilib --disable-werror --enable-checking=release
Modelo de hilos: posix
gcc versi贸n 4.9.0 20140604 (prerelease) (GCC) 
COMPILER_PATH=/usr/lib/gcc/x86_64-unknown-linux-gnu/4.9.0/:/usr/lib/gcc/x86_64-unknown-linux-gnu/4.9.0/:/usr/lib/gcc/x86_64-unknown-linux-gnu/:/usr/lib/gcc/x86_64-unknown-linux-gnu/4.9.0/:/usr/lib/gcc/x86_64-unknown-linux-gnu/
LIBRARY_PATH=/usr/lib/gcc/x86_64-unknown-linux-gnu/4.9.0/:/usr/lib/gcc/x86_64-unknown-linux-gnu/4.9.0/../../../../lib/:/lib/../lib/:/usr/lib/../lib/:/usr/lib/gcc/x86_64-unknown-linux-gnu/4.9.0/../../../:/lib/:/usr/lib/
COLLECT_GCC_OPTIONS='-v' '-o' 'cmTryCompileExec1317728068' '-rdynamic' '-shared-libgcc' '-mtune=generic' '-march=x86-64'
 /usr/lib/gcc/x86_64-unknown-linux-gnu/4.9.0/collect2 -plugin /usr/lib/gcc/x86_64-unknown-linux-gnu/4.9.0/liblto_plugin.so -plugin-opt=/usr/lib/gcc/x86_64-unknown-linux-gnu/4.9.0/lto-wrapper -plugin-opt=-fresolution=/tmp/ccMO5l5V.res -plugin-opt=-pass-through=-lgcc_s -plugin-opt=-pass-through=-lgcc -plugin-opt=-pass-through=-lc -plugin-opt=-pass-through=-lgcc_s -plugin-opt=-pass-through=-lgcc --build-id --eh-frame-hdr --hash-style=gnu -m elf_x86_64 -export-dynamic -dynamic-linker /lib64/ld-linux-x86-64.so.2 -o cmTryCompileExec1317728068 /usr/lib/gcc/x86_64-unknown-linux-gnu/4.9.0/../../../../lib/crt1.o /usr/lib/gcc/x86_64-unknown-linux-gnu/4.9.0/../../../../lib/crti.o /usr/lib/gcc/x86_64-unknown-linux-gnu/4.9.0/crtbegin.o -L/usr/lib/gcc/x86_64-unknown-linux-gnu/4.9.0 -L/usr/lib/gcc/x86_64-unknown-linux-gnu/4.9.0/../../../../lib -L/lib/../lib -L/usr/lib/../lib -L/usr/lib/gcc/x86_64-unknown-linux-gnu/4.9.0/../../.. CMakeFiles/cmTryCompileExec1317728068.dir/CMakeCXXCompilerABI.cpp.o -lstdc++ -lm -lgcc_s -lgcc -lc -lgcc_s -lgcc /usr/lib/gcc/x86_64-unknown-linux-gnu/4.9.0/crtend.o /usr/lib/gcc/x86_64-unknown-linux-gnu/4.9.0/../../../../lib/crtn.o
make[1]: Leaving directory '/home/armando/new_data2014/sh/armando/bash/gnu_linux/bash_scripts/packages/git/CMakeFiles/CMakeTmp'


Parsed CXX implicit link information from above output:
  link line regex: [^( *|.*[/\])(ld|([^/\]+-)?ld|collect2)[^/\]*( |$)]
  ignore line: [Change Dir: /home/armando/new_data2014/sh/armando/bash/gnu_linux/bash_scripts/packages/git/CMakeFiles/CMakeTmp]
  ignore line: []
  ignore line: [Run Build Command:"/usr/bin/make" "cmTryCompileExec1317728068/fast"]
  ignore line: [/usr/bin/make -f CMakeFiles/cmTryCompileExec1317728068.dir/build.make CMakeFiles/cmTryCompileExec1317728068.dir/build]
  ignore line: [make[1]: Entering directory '/home/armando/new_data2014/sh/armando/bash/gnu_linux/bash_scripts/packages/git/CMakeFiles/CMakeTmp']
  ignore line: [/usr/bin/cmake -E cmake_progress_report /home/armando/new_data2014/sh/armando/bash/gnu_linux/bash_scripts/packages/git/CMakeFiles/CMakeTmp/CMakeFiles 1]
  ignore line: [Building CXX object CMakeFiles/cmTryCompileExec1317728068.dir/CMakeCXXCompilerABI.cpp.o]
  ignore line: [/usr/bin/c++     -o CMakeFiles/cmTryCompileExec1317728068.dir/CMakeCXXCompilerABI.cpp.o -c /usr/share/cmake-3.0/Modules/CMakeCXXCompilerABI.cpp]
  ignore line: [Linking CXX executable cmTryCompileExec1317728068]
  ignore line: [/usr/bin/cmake -E cmake_link_script CMakeFiles/cmTryCompileExec1317728068.dir/link.txt --verbose=1]
  ignore line: [/usr/bin/c++      -v CMakeFiles/cmTryCompileExec1317728068.dir/CMakeCXXCompilerABI.cpp.o  -o cmTryCompileExec1317728068 -rdynamic  ]
  ignore line: [Usando especificaciones internas.]
  ignore line: [COLLECT_GCC=/usr/bin/c++]
  ignore line: [COLLECT_LTO_WRAPPER=/usr/lib/gcc/x86_64-unknown-linux-gnu/4.9.0/lto-wrapper]
  ignore line: [Objetivo: x86_64-unknown-linux-gnu]
  ignore line: [Configurado con: /build/gcc/src/gcc-4.9-20140604/configure --prefix=/usr --libdir=/usr/lib --libexecdir=/usr/lib --mandir=/usr/share/man --infodir=/usr/share/info --with-bugurl=https://bugs.archlinux.org/ --enable-languages=c,c++,ada,fortran,go,lto,objc,obj-c++ --enable-shared --enable-threads=posix --with-system-zlib --enable-__cxa_atexit --disable-libunwind-exceptions --enable-clocale=gnu --disable-libstdcxx-pch --disable-libssp --enable-gnu-unique-object --enable-linker-build-id --enable-cloog-backend=isl --disable-cloog-version-check --enable-lto --enable-plugin --enable-install-libiberty --with-linker-hash-style=gnu --disable-multilib --disable-werror --enable-checking=release]
  ignore line: [Modelo de hilos: posix]
  ignore line: [gcc versi贸n 4.9.0 20140604 (prerelease) (GCC) ]
  ignore line: [COMPILER_PATH=/usr/lib/gcc/x86_64-unknown-linux-gnu/4.9.0/:/usr/lib/gcc/x86_64-unknown-linux-gnu/4.9.0/:/usr/lib/gcc/x86_64-unknown-linux-gnu/:/usr/lib/gcc/x86_64-unknown-linux-gnu/4.9.0/:/usr/lib/gcc/x86_64-unknown-linux-gnu/]
  ignore line: [LIBRARY_PATH=/usr/lib/gcc/x86_64-unknown-linux-gnu/4.9.0/:/usr/lib/gcc/x86_64-unknown-linux-gnu/4.9.0/../../../../lib/:/lib/../lib/:/usr/lib/../lib/:/usr/lib/gcc/x86_64-unknown-linux-gnu/4.9.0/../../../:/lib/:/usr/lib/]
  ignore line: [COLLECT_GCC_OPTIONS='-v' '-o' 'cmTryCompileExec1317728068' '-rdynamic' '-shared-libgcc' '-mtune=generic' '-march=x86-64']
  link line: [ /usr/lib/gcc/x86_64-unknown-linux-gnu/4.9.0/collect2 -plugin /usr/lib/gcc/x86_64-unknown-linux-gnu/4.9.0/liblto_plugin.so -plugin-opt=/usr/lib/gcc/x86_64-unknown-linux-gnu/4.9.0/lto-wrapper -plugin-opt=-fresolution=/tmp/ccMO5l5V.res -plugin-opt=-pass-through=-lgcc_s -plugin-opt=-pass-through=-lgcc -plugin-opt=-pass-through=-lc -plugin-opt=-pass-through=-lgcc_s -plugin-opt=-pass-through=-lgcc --build-id --eh-frame-hdr --hash-style=gnu -m elf_x86_64 -export-dynamic -dynamic-linker /lib64/ld-linux-x86-64.so.2 -o cmTryCompileExec1317728068 /usr/lib/gcc/x86_64-unknown-linux-gnu/4.9.0/../../../../lib/crt1.o /usr/lib/gcc/x86_64-unknown-linux-gnu/4.9.0/../../../../lib/crti.o /usr/lib/gcc/x86_64-unknown-linux-gnu/4.9.0/crtbegin.o -L/usr/lib/gcc/x86_64-unknown-linux-gnu/4.9.0 -L/usr/lib/gcc/x86_64-unknown-linux-gnu/4.9.0/../../../../lib -L/lib/../lib -L/usr/lib/../lib -L/usr/lib/gcc/x86_64-unknown-linux-gnu/4.9.0/../../.. CMakeFiles/cmTryCompileExec1317728068.dir/CMakeCXXCompilerABI.cpp.o -lstdc++ -lm -lgcc_s -lgcc -lc -lgcc_s -lgcc /usr/lib/gcc/x86_64-unknown-linux-gnu/4.9.0/crtend.o /usr/lib/gcc/x86_64-unknown-linux-gnu/4.9.0/../../../../lib/crtn.o]
    arg [/usr/lib/gcc/x86_64-unknown-linux-gnu/4.9.0/collect2] ==> ignore
    arg [-plugin] ==> ignore
    arg [/usr/lib/gcc/x86_64-unknown-linux-gnu/4.9.0/liblto_plugin.so] ==> ignore
    arg [-plugin-opt=/usr/lib/gcc/x86_64-unknown-linux-gnu/4.9.0/lto-wrapper] ==> ignore
    arg [-plugin-opt=-fresolution=/tmp/ccMO5l5V.res] ==> ignore
    arg [-plugin-opt=-pass-through=-lgcc_s] ==> ignore
    arg [-plugin-opt=-pass-through=-lgcc] ==> ignore
    arg [-plugin-opt=-pass-through=-lc] ==> ignore
    arg [-plugin-opt=-pass-through=-lgcc_s] ==> ignore
    arg [-plugin-opt=-pass-through=-lgcc] ==> ignore
    arg [--build-id] ==> ignore
    arg [--eh-frame-hdr] ==> ignore
    arg [--hash-style=gnu] ==> ignore
    arg [-m] ==> ignore
    arg [elf_x86_64] ==> ignore
    arg [-export-dynamic] ==> ignore
    arg [-dynamic-linker] ==> ignore
    arg [/lib64/ld-linux-x86-64.so.2] ==> ignore
    arg [-o] ==> ignore
    arg [cmTryCompileExec1317728068] ==> ignore
    arg [/usr/lib/gcc/x86_64-unknown-linux-gnu/4.9.0/../../../../lib/crt1.o] ==> ignore
    arg [/usr/lib/gcc/x86_64-unknown-linux-gnu/4.9.0/../../../../lib/crti.o] ==> ignore
    arg [/usr/lib/gcc/x86_64-unknown-linux-gnu/4.9.0/crtbegin.o] ==> ignore
    arg [-L/usr/lib/gcc/x86_64-unknown-linux-gnu/4.9.0] ==> dir [/usr/lib/gcc/x86_64-unknown-linux-gnu/4.9.0]
    arg [-L/usr/lib/gcc/x86_64-unknown-linux-gnu/4.9.0/../../../../lib] ==> dir [/usr/lib/gcc/x86_64-unknown-linux-gnu/4.9.0/../../../../lib]
    arg [-L/lib/../lib] ==> dir [/lib/../lib]
    arg [-L/usr/lib/../lib] ==> dir [/usr/lib/../lib]
    arg [-L/usr/lib/gcc/x86_64-unknown-linux-gnu/4.9.0/../../..] ==> dir [/usr/lib/gcc/x86_64-unknown-linux-gnu/4.9.0/../../..]
    arg [CMakeFiles/cmTryCompileExec1317728068.dir/CMakeCXXCompilerABI.cpp.o] ==> ignore
    arg [-lstdc++] ==> lib [stdc++]
    arg [-lm] ==> lib [m]
    arg [-lgcc_s] ==> lib [gcc_s]
    arg [-lgcc] ==> lib [gcc]
    arg [-lc] ==> lib [c]
    arg [-lgcc_s] ==> lib [gcc_s]
    arg [-lgcc] ==> lib [gcc]
    arg [/usr/lib/gcc/x86_64-unknown-linux-gnu/4.9.0/crtend.o] ==> ignore
    arg [/usr/lib/gcc/x86_64-unknown-linux-gnu/4.9.0/../../../../lib/crtn.o] ==> ignore
  remove lib [gcc_s]
  remove lib [gcc]
  remove lib [gcc_s]
  remove lib [gcc]
  collapse library dir [/usr/lib/gcc/x86_64-unknown-linux-gnu/4.9.0] ==> [/usr/lib/gcc/x86_64-unknown-linux-gnu/4.9.0]
  collapse library dir [/usr/lib/gcc/x86_64-unknown-linux-gnu/4.9.0/../../../../lib] ==> [/usr/lib]
  collapse library dir [/lib/../lib] ==> [/lib]
  collapse library dir [/usr/lib/../lib] ==> [/usr/lib]
  collapse library dir [/usr/lib/gcc/x86_64-unknown-linux-gnu/4.9.0/../../..] ==> [/usr/lib]
  implicit libs: [stdc++;m;c]
  implicit dirs: [/usr/lib/gcc/x86_64-unknown-linux-gnu/4.9.0;/usr/lib;/lib]
  implicit fwks: []


Determining if the function XOpenDisplay exists in the /usr/lib64/libX11.so;/usr/lib64/libXext.so passed with the following output:
Change Dir: /home/armando/new_data2014/sh/armando/bash/gnu_linux/bash_scripts/packages/git/CMakeFiles/CMakeTmp

Run Build Command:"/usr/bin/make" "cmTryCompileExec1817624483/fast"
/usr/bin/make -f CMakeFiles/cmTryCompileExec1817624483.dir/build.make CMakeFiles/cmTryCompileExec1817624483.dir/build
make[1]: Entering directory '/home/armando/new_data2014/sh/armando/bash/gnu_linux/bash_scripts/packages/git/CMakeFiles/CMakeTmp'
/usr/bin/cmake -E cmake_progress_report /home/armando/new_data2014/sh/armando/bash/gnu_linux/bash_scripts/packages/git/CMakeFiles/CMakeTmp/CMakeFiles 1
Building C object CMakeFiles/cmTryCompileExec1817624483.dir/CheckFunctionExists.c.o
/usr/bin/cc   -DCHECK_FUNCTION_EXISTS=XOpenDisplay   -o CMakeFiles/cmTryCompileExec1817624483.dir/CheckFunctionExists.c.o   -c /usr/share/cmake-3.0/Modules/CheckFunctionExists.c
Linking C executable cmTryCompileExec1817624483
/usr/bin/cmake -E cmake_link_script CMakeFiles/cmTryCompileExec1817624483.dir/link.txt --verbose=1
/usr/bin/cc   -DCHECK_FUNCTION_EXISTS=XOpenDisplay    CMakeFiles/cmTryCompileExec1817624483.dir/CheckFunctionExists.c.o  -o cmTryCompileExec1817624483 -rdynamic -lX11 -lXext 
make[1]: Leaving directory '/home/armando/new_data2014/sh/armando/bash/gnu_linux/bash_scripts/packages/git/CMakeFiles/CMakeTmp'


Determining if the function gethostbyname exists passed with the following output:
Change Dir: /home/armando/new_data2014/sh/armando/bash/gnu_linux/bash_scripts/packages/git/CMakeFiles/CMakeTmp

Run Build Command:"/usr/bin/make" "cmTryCompileExec2920545099/fast"
/usr/bin/make -f CMakeFiles/cmTryCompileExec2920545099.dir/build.make CMakeFiles/cmTryCompileExec2920545099.dir/build
make[1]: Entering directory '/home/armando/new_data2014/sh/armando/bash/gnu_linux/bash_scripts/packages/git/CMakeFiles/CMakeTmp'
/usr/bin/cmake -E cmake_progress_report /home/armando/new_data2014/sh/armando/bash/gnu_linux/bash_scripts/packages/git/CMakeFiles/CMakeTmp/CMakeFiles 1
Building C object CMakeFiles/cmTryCompileExec2920545099.dir/CheckFunctionExists.c.o
/usr/bin/cc   -DCHECK_FUNCTION_EXISTS=gethostbyname   -o CMakeFiles/cmTryCompileExec2920545099.dir/CheckFunctionExists.c.o   -c /usr/share/cmake-3.0/Modules/CheckFunctionExists.c
Linking C executable cmTryCompileExec2920545099
/usr/bin/cmake -E cmake_link_script CMakeFiles/cmTryCompileExec2920545099.dir/link.txt --verbose=1
/usr/bin/cc   -DCHECK_FUNCTION_EXISTS=gethostbyname    CMakeFiles/cmTryCompileExec2920545099.dir/CheckFunctionExists.c.o  -o cmTryCompileExec2920545099 -rdynamic 
make[1]: Leaving directory '/home/armando/new_data2014/sh/armando/bash/gnu_linux/bash_scripts/packages/git/CMakeFiles/CMakeTmp'


Determining if the function connect exists passed with the following output:
Change Dir: /home/armando/new_data2014/sh/armando/bash/gnu_linux/bash_scripts/packages/git/CMakeFiles/CMakeTmp

Run Build Command:"/usr/bin/make" "cmTryCompileExec762068529/fast"
/usr/bin/make -f CMakeFiles/cmTryCompileExec762068529.dir/build.make CMakeFiles/cmTryCompileExec762068529.dir/build
make[1]: Entering directory '/home/armando/new_data2014/sh/armando/bash/gnu_linux/bash_scripts/packages/git/CMakeFiles/CMakeTmp'
/usr/bin/cmake -E cmake_progress_report /home/armando/new_data2014/sh/armando/bash/gnu_linux/bash_scripts/packages/git/CMakeFiles/CMakeTmp/CMakeFiles 1
Building C object CMakeFiles/cmTryCompileExec762068529.dir/CheckFunctionExists.c.o
/usr/bin/cc   -DCHECK_FUNCTION_EXISTS=connect   -o CMakeFiles/cmTryCompileExec762068529.dir/CheckFunctionExists.c.o   -c /usr/share/cmake-3.0/Modules/CheckFunctionExists.c
Linking C executable cmTryCompileExec762068529
/usr/bin/cmake -E cmake_link_script CMakeFiles/cmTryCompileExec762068529.dir/link.txt --verbose=1
/usr/bin/cc   -DCHECK_FUNCTION_EXISTS=connect    CMakeFiles/cmTryCompileExec762068529.dir/CheckFunctionExists.c.o  -o cmTryCompileExec762068529 -rdynamic 
make[1]: Leaving directory '/home/armando/new_data2014/sh/armando/bash/gnu_linux/bash_scripts/packages/git/CMakeFiles/CMakeTmp'


Determining if the function remove exists passed with the following output:
Change Dir: /home/armando/new_data2014/sh/armando/bash/gnu_linux/bash_scripts/packages/git/CMakeFiles/CMakeTmp

Run Build Command:"/usr/bin/make" "cmTryCompileExec4115210815/fast"
/usr/bin/make -f CMakeFiles/cmTryCompileExec4115210815.dir/build.make CMakeFiles/cmTryCompileExec4115210815.dir/build
make[1]: Entering directory '/home/armando/new_data2014/sh/armando/bash/gnu_linux/bash_scripts/packages/git/CMakeFiles/CMakeTmp'
/usr/bin/cmake -E cmake_progress_report /home/armando/new_data2014/sh/armando/bash/gnu_linux/bash_scripts/packages/git/CMakeFiles/CMakeTmp/CMakeFiles 1
Building C object CMakeFiles/cmTryCompileExec4115210815.dir/CheckFunctionExists.c.o
/usr/bin/cc   -DCHECK_FUNCTION_EXISTS=remove   -o CMakeFiles/cmTryCompileExec4115210815.dir/CheckFunctionExists.c.o   -c /usr/share/cmake-3.0/Modules/CheckFunctionExists.c
Linking C executable cmTryCompileExec4115210815
/usr/bin/cmake -E cmake_link_script CMakeFiles/cmTryCompileExec4115210815.dir/link.txt --verbose=1
/usr/bin/cc   -DCHECK_FUNCTION_EXISTS=remove    CMakeFiles/cmTryCompileExec4115210815.dir/CheckFunctionExists.c.o  -o cmTryCompileExec4115210815 -rdynamic 
make[1]: Leaving directory '/home/armando/new_data2014/sh/armando/bash/gnu_linux/bash_scripts/packages/git/CMakeFiles/CMakeTmp'


Determining if the function shmat exists passed with the following output:
Change Dir: /home/armando/new_data2014/sh/armando/bash/gnu_linux/bash_scripts/packages/git/CMakeFiles/CMakeTmp

Run Build Command:"/usr/bin/make" "cmTryCompileExec888907858/fast"
/usr/bin/make -f CMakeFiles/cmTryCompileExec888907858.dir/build.make CMakeFiles/cmTryCompileExec888907858.dir/build
make[1]: Entering directory '/home/armando/new_data2014/sh/armando/bash/gnu_linux/bash_scripts/packages/git/CMakeFiles/CMakeTmp'
/usr/bin/cmake -E cmake_progress_report /home/armando/new_data2014/sh/armando/bash/gnu_linux/bash_scripts/packages/git/CMakeFiles/CMakeTmp/CMakeFiles 1
Building C object CMakeFiles/cmTryCompileExec888907858.dir/CheckFunctionExists.c.o
/usr/bin/cc   -DCHECK_FUNCTION_EXISTS=shmat   -o CMakeFiles/cmTryCompileExec888907858.dir/CheckFunctionExists.c.o   -c /usr/share/cmake-3.0/Modules/CheckFunctionExists.c
Linking C executable cmTryCompileExec888907858
/usr/bin/cmake -E cmake_link_script CMakeFiles/cmTryCompileExec888907858.dir/link.txt --verbose=1
/usr/bin/cc   -DCHECK_FUNCTION_EXISTS=shmat    CMakeFiles/cmTryCompileExec888907858.dir/CheckFunctionExists.c.o  -o cmTryCompileExec888907858 -rdynamic 
make[1]: Leaving directory '/home/armando/new_data2014/sh/armando/bash/gnu_linux/bash_scripts/packages/git/CMakeFiles/CMakeTmp'


Determining if the function IceConnectionNumber exists in the ICE passed with the following output:
Change Dir: /home/armando/new_data2014/sh/armando/bash/gnu_linux/bash_scripts/packages/git/CMakeFiles/CMakeTmp

Run Build Command:"/usr/bin/make" "cmTryCompileExec3958290769/fast"
/usr/bin/make -f CMakeFiles/cmTryCompileExec3958290769.dir/build.make CMakeFiles/cmTryCompileExec3958290769.dir/build
make[1]: Entering directory '/home/armando/new_data2014/sh/armando/bash/gnu_linux/bash_scripts/packages/git/CMakeFiles/CMakeTmp'
/usr/bin/cmake -E cmake_progress_report /home/armando/new_data2014/sh/armando/bash/gnu_linux/bash_scripts/packages/git/CMakeFiles/CMakeTmp/CMakeFiles 1
Building C object CMakeFiles/cmTryCompileExec3958290769.dir/CheckFunctionExists.c.o
/usr/bin/cc   -DCHECK_FUNCTION_EXISTS=IceConnectionNumber   -o CMakeFiles/cmTryCompileExec3958290769.dir/CheckFunctionExists.c.o   -c /usr/share/cmake-3.0/Modules/CheckFunctionExists.c
Linking C executable cmTryCompileExec3958290769
/usr/bin/cmake -E cmake_link_script CMakeFiles/cmTryCompileExec3958290769.dir/link.txt --verbose=1
/usr/bin/cc   -DCHECK_FUNCTION_EXISTS=IceConnectionNumber    CMakeFiles/cmTryCompileExec3958290769.dir/CheckFunctionExists.c.o  -o cmTryCompileExec3958290769 -rdynamic -lICE 
make[1]: Leaving directory '/home/armando/new_data2014/sh/armando/bash/gnu_linux/bash_scripts/packages/git/CMakeFiles/CMakeTmp'


